 
****************************************
Report : power
        -analysis_effort low
Design : fir4rca
Version: K-2015.06-SP2
Date   : Thu Dec  5 22:41:32 2019
****************************************


Library(s) Used:

    tcbn65gpluswc (File: /home/linux/ieng6/ee260afa19/public/lab3_setup/libraries/db/tcbn65gpluswc.db)


Operating Conditions: WCCOM   Library: tcbn65gpluswc
Wire Load Model Mode: segmented

Design        Wire Load Model            Library
------------------------------------------------
fir4rca                ZeroWireload      tcbn65gpluswc


Global Operating Voltage = 0.9  
Power-specific unit information :
    Voltage Units = 1V
    Capacitance Units = 1.000000pf
    Time Units = 1ns
    Dynamic Power Units = 1mW    (derived from V,C,T units)
    Leakage Power Units = 1nW


  Cell Internal Power  =   1.4278 mW   (84%)
  Net Switching Power  = 276.1680 uW   (16%)
                         ---------
Total Dynamic Power    =   1.7040 mW  (100%)

Cell Leakage Power     =  18.8343 uW


                 Internal         Switching           Leakage            Total
Power Group      Power            Power               Power              Power   (   %    )  Attrs
--------------------------------------------------------------------------------------------------
io_pad             0.0000            0.0000            0.0000            0.0000  (   0.00%)
memory             0.0000            0.0000            0.0000            0.0000  (   0.00%)
black_box          0.0000            0.0000            0.0000            0.0000  (   0.00%)
clock_network      0.0000            0.0000            0.0000            0.0000  (   0.00%)
register           1.2559            0.1557        7.4532e+03            1.4191  (  82.37%)
sequential         0.0000            0.0000            0.0000            0.0000  (   0.00%)
combinational      0.1720            0.1204        1.1381e+04            0.3038  (  17.63%)
--------------------------------------------------------------------------------------------------
Total              1.4278 mW         0.2762 mW     1.8834e+04 nW         1.7229 mW
1
