 
****************************************
Report : timing
        -path full
        -delay max
        -max_paths 1
Design : fir4rca
Version: K-2015.06-SP2
Date   : Thu Dec  5 22:41:49 2019
****************************************

Operating Conditions: WCCOM   Library: tcbn65gpluswc
Wire Load Model Mode: segmented

  Startpoint: dr_reg_7_ (rising edge-triggered flip-flop clocked by clk)
  Endpoint: s_reg_10_ (rising edge-triggered flip-flop clocked by clk)
  Path Group: clk
  Path Type: max

  Des/Clust/Port     Wire Load Model       Library
  ------------------------------------------------
  fir4rca            ZeroWireload          tcbn65gpluswc

  Point                                    Incr       Path
  -----------------------------------------------------------
  clock clk (rise edge)                    0.00       0.00
  clock network delay (ideal)              0.00       0.00
  dr_reg_7_/CP (DFQD4)                     0.00       0.00 r
  dr_reg_7_/Q (DFQD4)                      0.12       0.12 f
  U520/ZN (XNR3D4)                         0.17       0.29 f
  U458/ZN (NR2XD2)                         0.03       0.32 r
  U518/ZN (NR2D2)                          0.02       0.34 f
  U593/ZN (AOI211XD2)                      0.06       0.40 r
  U453/ZN (ND2D3)                          0.04       0.44 f
  U648/ZN (AOI21D1)                        0.04       0.48 r
  U649/ZN (XNR2D1)                         0.08       0.56 f
  U558/ZN (NR2XD1)                         0.02       0.59 r
  s_reg_10_/D (DFQD1)                      0.00       0.59 r
  data arrival time                                   0.59

  clock clk (rise edge)                    0.50       0.50
  clock network delay (ideal)              0.00       0.50
  s_reg_10_/CP (DFQD1)                     0.00       0.50 r
  library setup time                      -0.03       0.47
  data required time                                  0.47
  -----------------------------------------------------------
  data required time                                  0.47
  data arrival time                                  -0.59
  -----------------------------------------------------------
  slack (VIOLATED)                                   -0.12


1
